  Source.cpp
C:\Users\Professional\Source\Repos\Project11\Project11\Source.cpp(86,14): warning C4244: 'initializing': conversion from 'std::streamoff' to 'int', possible loss of data
C:\Users\Professional\Source\Repos\Project11\Project11\Source.cpp(101,22): warning C4244: '=': conversion from 'std::streamoff' to 'int', possible loss of data
C:\Users\Professional\Source\Repos\Project11\Project11\Source.cpp(140,22): warning C4244: '=': conversion from 'std::streamoff' to 'int', possible loss of data
C:\Users\Professional\Source\Repos\Project11\Project11\Source.cpp(199,24): warning C4244: 'initializing': conversion from 'std::streamoff' to 'int', possible loss of data
C:\Users\Professional\Source\Repos\Project11\Project11\Source.cpp(223,24): warning C4244: '=': conversion from 'std::streamoff' to 'int', possible loss of data
C:\Users\Professional\Source\Repos\Project11\Project11\Source.cpp(258,16): warning C4244: 'initializing': conversion from 'std::streamoff' to 'int', possible loss of data
C:\Users\Professional\Source\Repos\Project11\Project11\Source.cpp(302,16): warning C4244: 'initializing': conversion from 'std::streamoff' to 'int', possible loss of data
C:\Users\Professional\Source\Repos\Project11\Project11\Source.cpp(357,16): warning C4244: 'initializing': conversion from 'std::streamoff' to 'int', possible loss of data
C:\Users\Professional\Source\Repos\Project11\Project11\Source.cpp(409,16): warning C4244: 'initializing': conversion from 'std::streamoff' to 'int', possible loss of data
C:\Users\Professional\Source\Repos\Project11\Project11\Source.cpp(397,9): warning C4101: 'newNum': unreferenced local variable
C:\Users\Professional\Source\Repos\Project11\Project11\Source.cpp(412,9): warning C4101: 'tmp': unreferenced local variable
C:\Users\Professional\Source\Repos\Project11\Project11\Source.cpp(399,9): warning C4101: 'numIndex2': unreferenced local variable
C:\Users\Professional\Source\Repos\Project11\Project11\Source.cpp(443,35): warning C4244: '=': conversion from 'std::streamoff' to 'int', possible loss of data
C:\Users\Professional\Source\Repos\Project11\Project11\Source.cpp(447,37): warning C4244: '=': conversion from 'std::streamoff' to 'int', possible loss of data
C:\Users\Professional\Source\Repos\Project11\Project11\Source.cpp(487,35): warning C4244: '=': conversion from 'std::streamoff' to 'int', possible loss of data
C:\Users\Professional\Source\Repos\Project11\Project11\Source.cpp(491,37): warning C4244: '=': conversion from 'std::streamoff' to 'int', possible loss of data
C:\Users\Professional\Source\Repos\Project11\Project11\Source.cpp(556,1): error C2280: 'std::basic_ifstream<char,std::char_traits<char>>::basic_ifstream(const std::basic_ifstream<char,std::char_traits<char>> &)': attempting to reference a deleted function
C:\Program Files (x86)\Microsoft Visual Studio\2019\Professional\VC\Tools\MSVC\14.27.29110\include\fstream(882): message : see declaration of 'std::basic_ifstream<char,std::char_traits<char>>::basic_ifstream'
C:\Program Files (x86)\Microsoft Visual Studio\2019\Professional\VC\Tools\MSVC\14.27.29110\include\fstream(882,5): message : 'std::basic_ifstream<char,std::char_traits<char>>::basic_ifstream(const std::basic_ifstream<char,std::char_traits<char>> &)': function was explicitly deleted
